[INFO] 00:59:55:351 TP0/(3633:3633): Hola! Soy un log
[INFO] 01:02:35:663 TP0/(3705:3705): Hola! Soy un log
[INFO] 02:32:08:309 TP0/(4005:4005): Hola! Soy un log
[INFO] 02:32:24:049 TP0/(4049:4049): Hola! Soy un log
[INFO] 03:03:37:132 TP0/(4381:4381): Hola! Soy un log
[INFO] 03:04:19:598 TP0/(4412:4412): Hola! Soy un log
[INFO] 03:08:11:801 TP0/(4568:4568): Hola! Soy un log
[INFO] 03:08:11:802 TP0/(4568:4568): Lei la ip 127.0.0.1, el puerto 4444 y la clave valor 

[INFO] 03:20:14:081 TP0/(4726:4726): Hola! Soy un log
[INFO] 03:20:14:086 TP0/(4726:4726): Lei la ip 127.0.0.1, el puerto 4444 y la clave valor 

[INFO] 03:20:17:752 TP0/(4726:4726): hola
[INFO] 03:20:24:229 TP0/(4726:4726): chetoide
[INFO] 03:20:25:487 TP0/(4726:4726): 
[INFO] 03:20:26:727 TP0/(4726:4726): 
[INFO] 03:20:27:552 TP0/(4726:4726): 
[INFO] 03:20:31:889 TP0/(4726:4726): no puedo salir aaaaaa
[INFO] 03:20:38:482 TP0/(4726:4726): 
[INFO] 03:20:40:393 TP0/(4726:4726): 
[INFO] 03:20:45:155 TP0/(4726:4726): 
[INFO] 03:20:45:994 TP0/(4726:4726): 
[INFO] 03:20:46:234 TP0/(4726:4726): 
[INFO] 03:20:52:115 TP0/(4726:4726): \0
[INFO] 03:20:55:645 TP0/(4726:4726): \0
[INFO] 03:21:28:406 TP0/(4766:4766): Hola! Soy un log
[INFO] 03:21:28:406 TP0/(4766:4766): Lei la ip 127.0.0.1, el puerto 4444 y la clave valor 

[INFO] 03:21:31:275 TP0/(4766:4766): hola
[INFO] 03:21:32:161 TP0/(4766:4766): 
[INFO] 03:21:33:344 TP0/(4766:4766): 
[INFO] 03:21:34:016 TP0/(4766:4766): 
[INFO] 03:21:34:440 TP0/(4766:4766): 
[INFO] 03:21:45:818 TP0/(4766:4766): logeo todos esos espacios
[INFO] 03:21:50:724 TP0/(4766:4766): si
[INFO] 03:25:44:460 TP0/(4863:4863): Hola! Soy un log
[INFO] 03:25:44:466 TP0/(4863:4863): Lei la ip 127.0.0.1, el puerto 4444 y la clave valor 

[INFO] 03:25:52:259 TP0/(4863:4863): chetooo
[INFO] 03:25:54:378 TP0/(4863:4863): 
[INFO] 03:26:01:293 TP0/(4863:4863): andubo?
[INFO] 03:26:03:694 TP0/(4863:4863): no perro
[INFO] 03:26:09:653 TP0/(4863:4863): mal viaje de tussi
[INFO] 03:26:25:318 TP0/(4930:4930): Hola! Soy un log
[INFO] 03:26:25:321 TP0/(4930:4930): Lei la ip 127.0.0.1, el puerto 4444 y la clave valor 

[INFO] 03:26:32:226 TP0/(4930:4930): te la habias re mandando perro
[INFO] 03:26:35:904 TP0/(4930:4930):  
[INFO] 03:26:42:305 TP0/(4930:4930):  sigue sin andar?
[INFO] 03:26:50:538 TP0/(4930:4930):  si perrito no anda todavia
[INFO] 03:29:10:345 TP0/(4995:4995): Hola! Soy un log
[INFO] 03:29:10:345 TP0/(4995:4995): Lei la ip 127.0.0.1, el puerto 4444 y la clave valor 

[INFO] 03:29:22:069 TP0/(5010:5010): Hola! Soy un log
[INFO] 03:29:22:071 TP0/(5010:5010): Lei la ip 127.0.0.1, el puerto 4444 y la clave valor 

[INFO] 03:29:26:686 TP0/(5010:5010): andubo chetoooo
[INFO] 15:38:19:207 TP0/(1875:1875): Hola! Soy un log
[INFO] 15:38:19:215 TP0/(1875:1875): Lei la ip 127.0.0.1, el puerto 4444 y la clave valor 

